2026-04-27T19:03:02+0000 [WARNING] google_workspace_mcp: crm_window_days=0 is too small; clamping to 1
2026-04-27T19:03:02+0000 [WARNING] google_workspace_mcp: crm_window_days=9999 exceeds 3650; clamping to 3650
2026-04-27T19:03:03+0000 [WARNING] google_workspace_mcp: crm_window_days='not a number' is not an integer; defaulting to 60
2026-04-27T19:03:03+0000 [WARNING] google_workspace_mcp: chat list failed for spaces/TEST: 403 forbidden
2026-04-27T19:03:03+0000 [WARNING] google_workspace_mcp: People API lookup failed for users/789: 403 forbidden
2026-04-27T19:03:03+0000 [WARNING] google_workspace_mcp: retry_call (attempt 1/4) after 0.00s: <HttpError 429 "<MagicMock name='mock.reason.strip()' id='248217422812768'>">
2026-04-27T19:03:03+0000 [WARNING] google_workspace_mcp: retry_call (attempt 1/4) after 0.00s: <HttpError 429 "<MagicMock name='mock.reason.strip()' id='248217420869984'>">
2026-04-27T19:03:03+0000 [WARNING] google_workspace_mcp: retry_call (attempt 2/4) after 0.00s: <HttpError 429 "<MagicMock name='mock.reason.strip()' id='248217422814544'>">
2026-04-27T19:03:03+0000 [WARNING] google_workspace_mcp: retry_call (attempt 3/4) after 0.00s: <HttpError 429 "<MagicMock name='mock.reason.strip()' id='248217422560896'>">
2026-04-27T19:04:02+0000 [WARNING] google_workspace_mcp: crm_window_days=0 is too small; clamping to 1
2026-04-27T19:04:02+0000 [WARNING] google_workspace_mcp: crm_window_days=9999 exceeds 3650; clamping to 3650
2026-04-27T19:04:02+0000 [WARNING] google_workspace_mcp: crm_window_days='not a number' is not an integer; defaulting to 60
2026-04-27T19:04:02+0000 [WARNING] google_workspace_mcp: chat list failed for spaces/TEST: 403 forbidden
2026-04-27T19:04:02+0000 [WARNING] google_workspace_mcp: People API lookup failed for users/789: 403 forbidden
2026-04-27T19:04:02+0000 [WARNING] google_workspace_mcp: retry_call (attempt 1/4) after 0.00s: <HttpError 429 "<MagicMock name='mock.reason.strip()' id='248679475448416'>">
2026-04-27T19:04:02+0000 [WARNING] google_workspace_mcp: retry_call (attempt 1/4) after 0.00s: <HttpError 429 "<MagicMock name='mock.reason.strip()' id='248679475419056'>">
2026-04-27T19:04:02+0000 [WARNING] google_workspace_mcp: retry_call (attempt 2/4) after 0.00s: <HttpError 429 "<MagicMock name='mock.reason.strip()' id='248679477106176'>">
2026-04-27T19:04:02+0000 [WARNING] google_workspace_mcp: retry_call (attempt 3/4) after 0.00s: <HttpError 429 "<MagicMock name='mock.reason.strip()' id='248679475694608'>">
2026-04-27T19:04:42+0000 [WARNING] google_workspace_mcp: crm_window_days=0 is too small; clamping to 1
2026-04-27T19:04:42+0000 [WARNING] google_workspace_mcp: crm_window_days=9999 exceeds 3650; clamping to 3650
2026-04-27T19:04:42+0000 [WARNING] google_workspace_mcp: crm_window_days='not a number' is not an integer; defaulting to 60
2026-04-27T19:04:43+0000 [WARNING] google_workspace_mcp: chat list failed for spaces/TEST: 403 forbidden
2026-04-27T19:04:43+0000 [WARNING] google_workspace_mcp: People API lookup failed for users/789: 403 forbidden
2026-04-27T19:04:43+0000 [WARNING] google_workspace_mcp: retry_call (attempt 1/4) after 0.00s: <HttpError 429 "<MagicMock name='mock.reason.strip()' id='255301988653504'>">
2026-04-27T19:04:43+0000 [WARNING] google_workspace_mcp: retry_call (attempt 1/4) after 0.00s: <HttpError 429 "<MagicMock name='mock.reason.strip()' id='255301987287584'>">
2026-04-27T19:04:43+0000 [WARNING] google_workspace_mcp: retry_call (attempt 2/4) after 0.00s: <HttpError 429 "<MagicMock name='mock.reason.strip()' id='255301988655232'>">
2026-04-27T19:04:43+0000 [WARNING] google_workspace_mcp: retry_call (attempt 3/4) after 0.00s: <HttpError 429 "<MagicMock name='mock.reason.strip()' id='255301989045424'>">
2026-04-27T19:05:11+0000 [WARNING] google_workspace_mcp: crm_window_days=0 is too small; clamping to 1
2026-04-27T19:05:11+0000 [WARNING] google_workspace_mcp: crm_window_days=9999 exceeds 3650; clamping to 3650
2026-04-27T19:05:11+0000 [WARNING] google_workspace_mcp: crm_window_days='not a number' is not an integer; defaulting to 60
2026-04-27T19:05:12+0000 [WARNING] google_workspace_mcp: chat list failed for spaces/TEST: 403 forbidden
2026-04-27T19:05:12+0000 [WARNING] google_workspace_mcp: People API lookup failed for users/789: 403 forbidden
2026-04-27T19:05:12+0000 [WARNING] google_workspace_mcp: retry_call (attempt 1/4) after 0.00s: <HttpError 429 "<MagicMock name='mock.reason.strip()' id='275942552567280'>">
2026-04-27T19:05:12+0000 [WARNING] google_workspace_mcp: retry_call (attempt 1/4) after 0.00s: <HttpError 429 "<MagicMock name='mock.reason.strip()' id='275942550957568'>">
2026-04-27T19:05:12+0000 [WARNING] google_workspace_mcp: retry_call (attempt 2/4) after 0.00s: <HttpError 429 "<MagicMock name='mock.reason.strip()' id='275942550033824'>">
2026-04-27T19:05:12+0000 [WARNING] google_workspace_mcp: retry_call (attempt 3/4) after 0.00s: <HttpError 429 "<MagicMock name='mock.reason.strip()' id='275942561522992'>">
2026-04-27T19:05:42+0000 [WARNING] google_workspace_mcp: crm_window_days=0 is too small; clamping to 1
2026-04-27T19:05:42+0000 [WARNING] google_workspace_mcp: crm_window_days=9999 exceeds 3650; clamping to 3650
2026-04-27T19:05:42+0000 [WARNING] google_workspace_mcp: crm_window_days='not a number' is not an integer; defaulting to 60
2026-04-27T19:05:42+0000 [WARNING] google_workspace_mcp: chat list failed for spaces/TEST: 403 forbidden
2026-04-27T19:05:42+0000 [WARNING] google_workspace_mcp: People API lookup failed for users/789: 403 forbidden
2026-04-27T19:05:43+0000 [WARNING] google_workspace_mcp: retry_call (attempt 1/4) after 0.00s: <HttpError 429 "<MagicMock name='mock.reason.strip()' id='254958620607632'>">
2026-04-27T19:05:43+0000 [WARNING] google_workspace_mcp: retry_call (attempt 1/4) after 0.00s: <HttpError 429 "<MagicMock name='mock.reason.strip()' id='254958619152576'>">
2026-04-27T19:05:43+0000 [WARNING] google_workspace_mcp: retry_call (attempt 2/4) after 0.00s: <HttpError 429 "<MagicMock name='mock.reason.strip()' id='254958621167856'>">
2026-04-27T19:05:43+0000 [WARNING] google_workspace_mcp: retry_call (attempt 3/4) after 0.00s: <HttpError 429 "<MagicMock name='mock.reason.strip()' id='254958619761136'>">
2026-04-27T19:05:51+0000 [WARNING] google_workspace_mcp: crm_window_days=0 is too small; clamping to 1
2026-04-27T19:05:51+0000 [WARNING] google_workspace_mcp: crm_window_days=9999 exceeds 3650; clamping to 3650
2026-04-27T19:05:51+0000 [WARNING] google_workspace_mcp: crm_window_days='not a number' is not an integer; defaulting to 60
2026-04-27T19:05:51+0000 [WARNING] google_workspace_mcp: chat list failed for spaces/TEST: 403 forbidden
2026-04-27T19:05:51+0000 [WARNING] google_workspace_mcp: People API lookup failed for users/789: 403 forbidden
2026-04-27T19:05:52+0000 [WARNING] google_workspace_mcp: retry_call (attempt 1/4) after 0.00s: <HttpError 429 "<MagicMock name='mock.reason.strip()' id='270271566480816'>">
2026-04-27T19:05:52+0000 [WARNING] google_workspace_mcp: retry_call (attempt 1/4) after 0.00s: <HttpError 429 "<MagicMock name='mock.reason.strip()' id='270271565185232'>">
2026-04-27T19:05:52+0000 [WARNING] google_workspace_mcp: retry_call (attempt 2/4) after 0.00s: <HttpError 429 "<MagicMock name='mock.reason.strip()' id='270271566526208'>">
2026-04-27T19:05:52+0000 [WARNING] google_workspace_mcp: retry_call (attempt 3/4) after 0.00s: <HttpError 429 "<MagicMock name='mock.reason.strip()' id='270271576034560'>">
